Using pre-set license
Built from '2022.2/staging' branch; Version is '2022.2.17f1 (54cb9bda89c4) revision 5557147'; Using compiler version '192829333'; Build Type 'Release'
OS: 'Windows 11  (10.0.22621) 64bit Professional' Language: 'ko' Physical Memory: 16085 MB
BatchMode: 1, IsHumanControllingUs: 0, StartBugReporterOnCrash: 0, Is64bit: 1, IsPro: 1

COMMAND LINE ARGUMENTS:
C:\Program Files\Unity\Hub\Editor\2022.2.17f1\Editor\Unity.exe
-adb2
-batchMode
-noUpm
-name
AssetImportWorker8
-projectPath
C:/Users/McGra/Documents/GitHub/T01402201-game-1/Team-1
-logFile
Logs/AssetImportWorker8.log
-srvPort
5964
Successfully changed project path to: C:/Users/McGra/Documents/GitHub/T01402201-game-1/Team-1
C:/Users/McGra/Documents/GitHub/T01402201-game-1/Team-1
[UnityMemory] Configuration Parameters - Can be set up in boot.config
    "memorysetup-bucket-allocator-granularity=16"
    "memorysetup-bucket-allocator-bucket-count=8"
    "memorysetup-bucket-allocator-block-size=33554432"
    "memorysetup-bucket-allocator-block-count=8"
    "memorysetup-main-allocator-block-size=16777216"
    "memorysetup-thread-allocator-block-size=16777216"
    "memorysetup-gfx-main-allocator-block-size=16777216"
    "memorysetup-gfx-thread-allocator-block-size=16777216"
    "memorysetup-cache-allocator-block-size=4194304"
    "memorysetup-typetree-allocator-block-size=2097152"
    "memorysetup-profiler-bucket-allocator-granularity=16"
    "memorysetup-profiler-bucket-allocator-bucket-count=8"
    "memorysetup-profiler-bucket-allocator-block-size=33554432"
    "memorysetup-profiler-bucket-allocator-block-count=8"
    "memorysetup-profiler-allocator-block-size=16777216"
    "memorysetup-profiler-editor-allocator-block-size=1048576"
    "memorysetup-temp-allocator-size-main=16777216"
    "memorysetup-job-temp-allocator-block-size=2097152"
    "memorysetup-job-temp-allocator-block-size-background=1048576"
    "memorysetup-job-temp-allocator-reduction-small-platforms=262144"
    "memorysetup-temp-allocator-size-background-worker=32768"
    "memorysetup-temp-allocator-size-job-worker=262144"
    "memorysetup-temp-allocator-size-preload-manager=33554432"
    "memorysetup-temp-allocator-size-nav-mesh-worker=65536"
    "memorysetup-temp-allocator-size-audio-worker=65536"
    "memorysetup-temp-allocator-size-cloud-worker=32768"
    "memorysetup-temp-allocator-size-gi-baking-worker=262144"
    "memorysetup-temp-allocator-size-gfx=262144"
Player connection [18320] Host "[IP] 192.168.0.6 [Port] 0 [Flags] 2 [Guid] 454198153 [EditorId] 454198153 [Version] 1048832 [Id] WindowsEditor(7,DESKTOP-BDVB153) [Debug] 1 [PackageName] WindowsEditor [ProjectName] Editor" joined multi-casting on [225.0.0.222:54997]...

Player connection [18320] Host "[IP] 192.168.0.6 [Port] 0 [Flags] 2 [Guid] 454198153 [EditorId] 454198153 [Version] 1048832 [Id] WindowsEditor(7,DESKTOP-BDVB153) [Debug] 1 [PackageName] WindowsEditor [ProjectName] Editor" joined alternative multi-casting on [225.0.0.222:34997]...

Refreshing native plugins compatible for Editor in 14.70 ms, found 4 plugins.
Preloading 0 native plugins for Editor in 0.00 ms.
Initialize engine version: 2022.2.17f1 (54cb9bda89c4)
[Subsystems] Discovering subsystems at path C:/Program Files/Unity/Hub/Editor/2022.2.17f1/Editor/Data/Resources/UnitySubsystems
[Subsystems] Discovering subsystems at path C:/Users/McGra/Documents/GitHub/T01402201-game-1/Team-1/Assets
GfxDevice: creating device client; threaded=0; jobified=0
Direct3D:
    Version:  Direct3D 11.0 [level 11.1]
    Renderer: NVIDIA GeForce RTX 3060 Laptop GPU (ID=0x2520)
    Vendor:   NVIDIA
    VRAM:     6023 MB
    Driver:   30.0.15.1215
Initialize mono
Mono path[0] = 'C:/Program Files/Unity/Hub/Editor/2022.2.17f1/Editor/Data/Managed'
Mono path[1] = 'C:/Program Files/Unity/Hub/Editor/2022.2.17f1/Editor/Data/MonoBleedingEdge/lib/mono/unityjit-win32'
Mono config path = 'C:/Program Files/Unity/Hub/Editor/2022.2.17f1/Editor/Data/MonoBleedingEdge/etc'
Using monoOptions --debugger-agent=transport=dt_socket,embedding=1,server=y,suspend=n,address=127.0.0.1:56984
Begin MonoManager ReloadAssembly
Registering precompiled unity dll's ...
Register platform support module: C:/Program Files/Unity/Hub/Editor/2022.2.17f1/Editor/Data/PlaybackEngines/WindowsStandaloneSupport/UnityEditor.WindowsStandalone.Extensions.dll
Registered in 0.008385 seconds.
- Loaded All Assemblies, in  0.330 seconds
Native extension for WindowsStandalone target not found
Mono: successfully reloaded assembly
- Finished resetting the current domain, in  0.250 seconds
Domain Reload Profiling:
	ReloadAssembly (199ms)
		BeginReloadAssembly (93ms)
			ExecutionOrderSort (0ms)
			DisableScriptedObjects (0ms)
			BackupInstance (0ms)
			ReleaseScriptingObjects (0ms)
			CreateAndSetChildDomain (1ms)
		LoadAllAssembliesAndSetupDomain (0ms)
			LoadAssemblies (90ms)
			RebuildTransferFunctionScriptingTraits (0ms)
			SetupTypeCache (120ms)
				TypeCache.Initialize (120ms)
					TypeCache.ScanAssembly (118ms)
				ResolveRequiredComponents (0ms)
		FinalizeReload (0ms)
			ReleaseScriptCaches (0ms)
			RebuildScriptCaches (0ms)
			SetupLoadedEditorAssemblies (193ms)
				LogAssemblyErrors (0ms)
				InitializePlatformSupportModulesInManaged (11ms)
				SetLoadedEditorAssemblies (7ms)
				RefreshPlugins (0ms)
				BeforeProcessingInitializeOnLoad (1ms)
				ProcessInitializeOnLoadAttributes (125ms)
				ProcessInitializeOnLoadMethodAttributes (50ms)
				AfterProcessingInitializeOnLoad (0ms)
				EditorAssembliesLoaded (0ms)
			ExecutionOrderSort2 (0ms)
			AwakeInstancesAfterBackupRestoration (0ms)
========================================================================
Worker process is ready to serve import requests
Begin MonoManager ReloadAssembly
Symbol file LoadedFromMemory doesn't match image C:\Users\McGra\Documents\GitHub\T01402201-game-1\Team-1\Library\PackageCache\com.unity.visualscripting@1.8.0\Editor\VisualScripting.Core\Dependencies\YamlDotNet\Unity.VisualScripting.YamlDotNet.dll
Symbol file LoadedFromMemory doesn't match image C:\Users\McGra\Documents\GitHub\T01402201-game-1\Team-1\Library\PackageCache\com.unity.visualscripting@1.8.0\Editor\VisualScripting.Core\Dependencies\DotNetZip\Unity.VisualScripting.IonicZip.dll
- Loaded All Assemblies, in  0.753 seconds
Refreshing native plugins compatible for Editor in 7.34 ms, found 4 plugins.
Native extension for WindowsStandalone target not found
Mono: successfully reloaded assembly
- Finished resetting the current domain, in  0.514 seconds
Domain Reload Profiling:
	ReloadAssembly (223ms)
		BeginReloadAssembly (135ms)
			ExecutionOrderSort (0ms)
			DisableScriptedObjects (4ms)
			BackupInstance (0ms)
			ReleaseScriptingObjects (0ms)
			CreateAndSetChildDomain (22ms)
		LoadAllAssembliesAndSetupDomain (525ms)
			LoadAssemblies (303ms)
			RebuildTransferFunctionScriptingTraits (0ms)
			SetupTypeCache (287ms)
				TypeCache.Initialize (265ms)
					TypeCache.ScanAssembly (260ms)
				ResolveRequiredComponents (4ms)
		FinalizeReload (0ms)
			ReleaseScriptCaches (0ms)
			RebuildScriptCaches (0ms)
			SetupLoadedEditorAssemblies (363ms)
				LogAssemblyErrors (0ms)
				InitializePlatformSupportModulesInManaged (6ms)
				SetLoadedEditorAssemblies (4ms)
				RefreshPlugins (0ms)
				BeforeProcessingInitializeOnLoad (68ms)
				ProcessInitializeOnLoadAttributes (247ms)
				ProcessInitializeOnLoadMethodAttributes (29ms)
				AfterProcessingInitializeOnLoad (8ms)
				EditorAssembliesLoaded (0ms)
			ExecutionOrderSort2 (0ms)
			AwakeInstancesAfterBackupRestoration (13ms)
Launched and connected shader compiler UnityShaderCompiler.exe after 0.05 seconds
Refreshing native plugins compatible for Editor in 6.30 ms, found 4 plugins.
Preloading 0 native plugins for Editor in 0.00 ms.
Unloading 3943 Unused Serialized files (Serialized files now loaded: 0)
Unloading 69 unused Assets / (255.1 KB). Loaded Objects now: 4401.
Memory consumption went from 129.4 MB to 129.2 MB.
Total: 3.193900 ms (FindLiveObjects: 0.302700 ms CreateObjectMapping: 0.116600 ms MarkObjects: 2.578100 ms  DeleteObjects: 0.195400 ms)

AssetImportParameters requested are different than current active one (requested -> active):
  custom:container-demuxer-ogg: 62fdf1f143b41e24485cea50d1cbac27 -> 
  custom:video-decoder-ogg-theora: a1e56fd34408186e4bbccfd4996cb3dc -> 
  custom:framework-win-MediaFoundation: 216162199b28c13a410421893ffa2e32 -> 
  custom:container-demuxer-webm: 4f35f7cbe854078d1ac9338744f61a02 -> 
  custom:container-muxer-webm: aa71ff27fc2769a1b78a27578f13a17b -> 
  custom:video-decoder-webm-vp8: 9c59270c3fd7afecdb556c50c9e8de78 -> 
  custom:AudioImporter_EditorPlatform: d09bf68614088b80899f8185d706f6e7 -> 
  custom:video-encoder-webm-vp8: eb34c28f22e8b96e1ab97ce403110664 -> 
  custom:audio-decoder-ogg-vorbis: bf7c407c2cedff20999df2af8eb42d56 -> 
  custom:audio-encoder-webm-vorbis: bf7c407c2cedff20999df2af8eb42d56 -> 
========================================================================
Received Import Request.
  Time since last request: 424390.656224 seconds.
  path: Assets/Pixel Adventure 1/Assets/Terrain/Terrain (16x16) 1_102.asset
  artifactKey: Guid(2bcd6604caae163408b85e1231acc2b2) Importer(815301076,1909f56bfc062723c751e8b465ee728b)
Start importing Assets/Pixel Adventure 1/Assets/Terrain/Terrain (16x16) 1_102.asset using Guid(2bcd6604caae163408b85e1231acc2b2) Importer(815301076,1909f56bfc062723c751e8b465ee728b)  -> (artifact id: '5d359519a4a2c31ce553eb2cfd9b79b0') in 0.069655 seconds
Number of updated asset objects reloaded before import = 0
Number of asset objects unloaded after import = 3
========================================================================
Received Import Request.
  Time since last request: 0.000015 seconds.
  path: Assets/Pixel Adventure 1/Assets/Terrain/Terrain (16x16) 1_139.asset
  artifactKey: Guid(67ad205be82ffb842b0113e93a60f931) Importer(815301076,1909f56bfc062723c751e8b465ee728b)
Start importing Assets/Pixel Adventure 1/Assets/Terrain/Terrain (16x16) 1_139.asset using Guid(67ad205be82ffb842b0113e93a60f931) Importer(815301076,1909f56bfc062723c751e8b465ee728b)  -> (artifact id: 'ab4c9aac955d15a2674071597491f8ad') in 0.009316 seconds
Number of updated asset objects reloaded before import = 0
Number of asset objects unloaded after import = 3
========================================================================
Received Import Request.
  Time since last request: 0.000016 seconds.
  path: Assets/Pixel Adventure 1/Assets/Terrain/Terrain (16x16) 1_129.asset
  artifactKey: Guid(a724f40c1a43ac1408f69044b47ae582) Importer(815301076,1909f56bfc062723c751e8b465ee728b)
Start importing Assets/Pixel Adventure 1/Assets/Terrain/Terrain (16x16) 1_129.asset using Guid(a724f40c1a43ac1408f69044b47ae582) Importer(815301076,1909f56bfc062723c751e8b465ee728b)  -> (artifact id: '6b07ccb87aadb7cafd33bc63be824c65') in 0.008882 seconds
Number of updated asset objects reloaded before import = 0
Number of asset objects unloaded after import = 3
========================================================================
Received Import Request.
  Time since last request: 0.000016 seconds.
  path: Assets/Pixel Adventure 1/Assets/Terrain/Terrain (16x16) 1_132.asset
  artifactKey: Guid(f06b8e728903dd74c9274cefe4add64b) Importer(815301076,1909f56bfc062723c751e8b465ee728b)
Start importing Assets/Pixel Adventure 1/Assets/Terrain/Terrain (16x16) 1_132.asset using Guid(f06b8e728903dd74c9274cefe4add64b) Importer(815301076,1909f56bfc062723c751e8b465ee728b)  -> (artifact id: '35a3ac1b2db2899c4ddf42a7b6864fe5') in 0.010594 seconds
Number of updated asset objects reloaded before import = 0
Number of asset objects unloaded after import = 3
========================================================================
Received Import Request.
  Time since last request: 0.000018 seconds.
  path: Assets/Pixel Adventure 1/Assets/Terrain/Terrain (16x16) 1_135.asset
  artifactKey: Guid(976b44643c1ec294db42d2eab83a2c69) Importer(815301076,1909f56bfc062723c751e8b465ee728b)
Start importing Assets/Pixel Adventure 1/Assets/Terrain/Terrain (16x16) 1_135.asset using Guid(976b44643c1ec294db42d2eab83a2c69) Importer(815301076,1909f56bfc062723c751e8b465ee728b)  -> (artifact id: 'df32b6e257228f2b97b4351d99c1a52a') in 0.010415 seconds
Number of updated asset objects reloaded before import = 0
Number of asset objects unloaded after import = 3
========================================================================
Received Import Request.
  Time since last request: 0.000016 seconds.
  path: Assets/Pixel Adventure 1/Assets/Terrain/Terrain (16x16) 1_136.asset
  artifactKey: Guid(39f54a9ae2890fd41a703d9466d16305) Importer(815301076,1909f56bfc062723c751e8b465ee728b)
Start importing Assets/Pixel Adventure 1/Assets/Terrain/Terrain (16x16) 1_136.asset using Guid(39f54a9ae2890fd41a703d9466d16305) Importer(815301076,1909f56bfc062723c751e8b465ee728b)  -> (artifact id: 'd675b079c736d1635e5b1655e3c8cc2c') in 0.010035 seconds
Number of updated asset objects reloaded before import = 0
Number of asset objects unloaded after import = 3
========================================================================
Received Import Request.
  Time since last request: 0.000022 seconds.
  path: Assets/Pixel Adventure 1/Assets/Terrain/Terrain (16x16) 1_108.asset
  artifactKey: Guid(24398e4a63be72c45904625596e43eda) Importer(815301076,1909f56bfc062723c751e8b465ee728b)
Start importing Assets/Pixel Adventure 1/Assets/Terrain/Terrain (16x16) 1_108.asset using Guid(24398e4a63be72c45904625596e43eda) Importer(815301076,1909f56bfc062723c751e8b465ee728b)  -> (artifact id: '081a1a19e74d307bbd034d8b739f399b') in 0.008752 seconds
Number of updated asset objects reloaded before import = 0
Number of asset objects unloaded after import = 3
========================================================================
Received Import Request.
  Time since last request: 0.312509 seconds.
  path: Assets/Pixel Adventure 1/Assets/Terrain/Terrain Sliced (16x16).png
  artifactKey: Guid(fc584d329b77b9545b9c9c8bb829e553) Importer(815301076,1909f56bfc062723c751e8b465ee728b)
Start importing Assets/Pixel Adventure 1/Assets/Terrain/Terrain Sliced (16x16).png using Guid(fc584d329b77b9545b9c9c8bb829e553) Importer(815301076,1909f56bfc062723c751e8b465ee728b)  -> (artifact id: '47cf2cd664048d77f75a09a1c633aeea') in 0.227983 seconds
Number of updated asset objects reloaded before import = 0
Number of asset objects unloaded after import = 146
========================================================================
Received Import Request.
  Time since last request: 66.730321 seconds.
  path: Assets/Pixel Adventure 1/Assets/Terrain/I_Block.png
  artifactKey: Guid(7db260531f9493b4caaa033033f607f4) Importer(815301076,1909f56bfc062723c751e8b465ee728b)
Start importing Assets/Pixel Adventure 1/Assets/Terrain/I_Block.png using Guid(7db260531f9493b4caaa033033f607f4) Importer(815301076,1909f56bfc062723c751e8b465ee728b)  -> (artifact id: '586a06426238d3ac852ca3c32c55dc5a') in 0.023963 seconds
Number of updated asset objects reloaded before import = 0
Number of asset objects unloaded after import = 3
========================================================================
Received Import Request.
  Time since last request: 9.788723 seconds.
  path: Assets/Pixel Adventure 1/Assets/Terrain/I_Block.png
  artifactKey: Guid(7db260531f9493b4caaa033033f607f4) Importer(815301076,1909f56bfc062723c751e8b465ee728b)
Start importing Assets/Pixel Adventure 1/Assets/Terrain/I_Block.png using Guid(7db260531f9493b4caaa033033f607f4) Importer(815301076,1909f56bfc062723c751e8b465ee728b)  -> (artifact id: '5526ba130bdfbd30f90a6c6ae4e8e671') in 0.012044 seconds
Number of updated asset objects reloaded before import = 0
Number of asset objects unloaded after import = 2
========================================================================
Received Import Request.
  Time since last request: 34.347962 seconds.
  path: Assets/Pixel Adventure 1/Assets/Tetris/I_Block.asset
  artifactKey: Guid(0fe9f53a264ce234b8eabf9835c9a0a6) Importer(815301076,1909f56bfc062723c751e8b465ee728b)
Start importing Assets/Pixel Adventure 1/Assets/Tetris/I_Block.asset using Guid(0fe9f53a264ce234b8eabf9835c9a0a6) Importer(815301076,1909f56bfc062723c751e8b465ee728b)  -> (artifact id: 'd8f4078563aae350ae3adebead3694f6') in 0.003857 seconds
Number of updated asset objects reloaded before import = 0
Number of asset objects unloaded after import = 1
========================================================================
Received Import Request.
  Time since last request: 0.000036 seconds.
  path: Assets/Pixel Adventure 1/Assets/Tetris/Tetris.prefab
  artifactKey: Guid(a124777c507970b43aac6df45ed5082d) Importer(815301076,1909f56bfc062723c751e8b465ee728b)
Start importing Assets/Pixel Adventure 1/Assets/Tetris/Tetris.prefab using Guid(a124777c507970b43aac6df45ed5082d) Importer(815301076,1909f56bfc062723c751e8b465ee728b)  -> (artifact id: '0a98d7c080c72261bc0fe189ddd22c2a') in 0.037655 seconds
Number of updated asset objects reloaded before import = 0
Number of asset objects unloaded after import = 12
========================================================================
Received Import Request.
  Time since last request: 21.277000 seconds.
  path: Assets/Pixel Adventure 1/Assets/Traps/Arrow
  artifactKey: Guid(7234a5d23dcf2f041ade075d25722adf) Importer(815301076,1909f56bfc062723c751e8b465ee728b)
Start importing Assets/Pixel Adventure 1/Assets/Traps/Arrow using Guid(7234a5d23dcf2f041ade075d25722adf) Importer(815301076,1909f56bfc062723c751e8b465ee728b)  -> (artifact id: 'd11ff0eb59873bb249f150e11d1d5f61') in 0.000680 seconds
Number of updated asset objects reloaded before import = 0
Number of asset objects unloaded after import = 0
========================================================================
Received Import Request.
  Time since last request: 0.558511 seconds.
  path: Assets/Pixel Adventure 1/Assets/Traps/Arrow/Hit (18x18).png
  artifactKey: Guid(fc834c17a763e0141b0fec5d598e279b) Importer(815301076,1909f56bfc062723c751e8b465ee728b)
Start importing Assets/Pixel Adventure 1/Assets/Traps/Arrow/Hit (18x18).png using Guid(fc834c17a763e0141b0fec5d598e279b) Importer(815301076,1909f56bfc062723c751e8b465ee728b)  -> (artifact id: 'c66e77fbabfab26106fd836f9e9a1cdf') in 0.043144 seconds
Number of updated asset objects reloaded before import = 0
Number of asset objects unloaded after import = 6
========================================================================
Received Import Request.
  Time since last request: 4.652479 seconds.
  path: Assets/Pixel Adventure 1/Assets/Traps/Falling Platforms/Off.png
  artifactKey: Guid(99329b87c11d1ee4f8d328e269a7073b) Importer(815301076,1909f56bfc062723c751e8b465ee728b)
Start importing Assets/Pixel Adventure 1/Assets/Traps/Falling Platforms/Off.png using Guid(99329b87c11d1ee4f8d328e269a7073b) Importer(815301076,1909f56bfc062723c751e8b465ee728b)  -> (artifact id: 'bec4941795227e5938a7f7de0eacb471') in 0.014322 seconds
Number of updated asset objects reloaded before import = 0
Number of asset objects unloaded after import = 3
========================================================================
Received Import Request.
  Time since last request: 0.592387 seconds.
  path: Assets/Pixel Adventure 1/Assets/Traps/Blocks/HitSide (22x22).png
  artifactKey: Guid(a93caedcaa299f14e978454757f38077) Importer(815301076,1909f56bfc062723c751e8b465ee728b)
Start importing Assets/Pixel Adventure 1/Assets/Traps/Blocks/HitSide (22x22).png using Guid(a93caedcaa299f14e978454757f38077) Importer(815301076,1909f56bfc062723c751e8b465ee728b)  -> (artifact id: '636b9fe88e498cb19b61c8c581faf0a4') in 0.019507 seconds
Number of updated asset objects reloaded before import = 0
Number of asset objects unloaded after import = 5
========================================================================
Received Import Request.
  Time since last request: 0.022185 seconds.
  path: Assets/Pixel Adventure 1/Assets/Traps/Blocks/Part 2 (22x22).png
  artifactKey: Guid(445c6df91e50ef74eb2589883bcc07d1) Importer(815301076,1909f56bfc062723c751e8b465ee728b)
Start importing Assets/Pixel Adventure 1/Assets/Traps/Blocks/Part 2 (22x22).png using Guid(445c6df91e50ef74eb2589883bcc07d1) Importer(815301076,1909f56bfc062723c751e8b465ee728b)  -> (artifact id: '5f876b42db9b1aee5aff3335e3f5de3a') in 0.040643 seconds
Number of updated asset objects reloaded before import = 0
Number of asset objects unloaded after import = 5
========================================================================
Received Import Request.
  Time since last request: 6.861725 seconds.
  path: Assets/Pixel Adventure 1/Assets/Traps/Fan/Off.png
  artifactKey: Guid(1f268b33cadc6104287b8111b824e1e8) Importer(815301076,1909f56bfc062723c751e8b465ee728b)
Start importing Assets/Pixel Adventure 1/Assets/Traps/Fan/Off.png using Guid(1f268b33cadc6104287b8111b824e1e8) Importer(815301076,1909f56bfc062723c751e8b465ee728b)  -> (artifact id: '522f32df57e5be603779a5ba9a8ca358') in 0.014311 seconds
Number of updated asset objects reloaded before import = 0
Number of asset objects unloaded after import = 3
========================================================================
Received Import Request.
  Time since last request: 33.802941 seconds.
  path: Assets/Pixel Adventure 1/Assets/Tetris/I_Block.png
  artifactKey: Guid(48b9c2bfda102d247a49fe45799aac8e) Importer(815301076,1909f56bfc062723c751e8b465ee728b)
Start importing Assets/Pixel Adventure 1/Assets/Tetris/I_Block.png using Guid(48b9c2bfda102d247a49fe45799aac8e) Importer(815301076,1909f56bfc062723c751e8b465ee728b)  -> (artifact id: '5876b0b4592a7e527a9ae576c15a68f5') in 0.018994 seconds
Number of updated asset objects reloaded before import = 0
Number of asset objects unloaded after import = 3
========================================================================
Received Import Request.
  Time since last request: 4.947793 seconds.
  path: Assets/Pixel Adventure 1/Assets/Tetris/I_Block.png
  artifactKey: Guid(48b9c2bfda102d247a49fe45799aac8e) Importer(815301076,1909f56bfc062723c751e8b465ee728b)
Start importing Assets/Pixel Adventure 1/Assets/Tetris/I_Block.png using Guid(48b9c2bfda102d247a49fe45799aac8e) Importer(815301076,1909f56bfc062723c751e8b465ee728b)  -> (artifact id: 'e010d22c5acdebeed23ef2a3854b27c0') in 0.015532 seconds
Number of updated asset objects reloaded before import = 0
Number of asset objects unloaded after import = 2
========================================================================
Received Import Request.
  Time since last request: 16.466810 seconds.
  path: Assets/Pixel Adventure 1/Assets/Tetris/Tetris.prefab
  artifactKey: Guid(a124777c507970b43aac6df45ed5082d) Importer(815301076,1909f56bfc062723c751e8b465ee728b)
Start importing Assets/Pixel Adventure 1/Assets/Tetris/Tetris.prefab using Guid(a124777c507970b43aac6df45ed5082d) Importer(815301076,1909f56bfc062723c751e8b465ee728b)  -> (artifact id: '76277f0051cd832096c89cac1254bd1c') in 0.020815 seconds
Number of updated asset objects reloaded before import = 0
Number of asset objects unloaded after import = 10
========================================================================
Received Import Request.
  Time since last request: 56.525428 seconds.
  path: Assets/Pixel Adventure 1/Assets/Tetris/I_Block.png
  artifactKey: Guid(48b9c2bfda102d247a49fe45799aac8e) Importer(815301076,1909f56bfc062723c751e8b465ee728b)
Start importing Assets/Pixel Adventure 1/Assets/Tetris/I_Block.png using Guid(48b9c2bfda102d247a49fe45799aac8e) Importer(815301076,1909f56bfc062723c751e8b465ee728b)  -> (artifact id: '28b0f7e91aec231a0631a329e2c906ef') in 0.105233 seconds
Number of updated asset objects reloaded before import = 0
Number of asset objects unloaded after import = 18
========================================================================
Received Import Request.
  Time since last request: 14.524166 seconds.
  path: Assets/Pixel Adventure 1/Assets/Tetris/I_Block_0.asset
  artifactKey: Guid(5f1eca1cbd473c4469dadcf1d0db48da) Importer(815301076,1909f56bfc062723c751e8b465ee728b)
Start importing Assets/Pixel Adventure 1/Assets/Tetris/I_Block_0.asset using Guid(5f1eca1cbd473c4469dadcf1d0db48da) Importer(815301076,1909f56bfc062723c751e8b465ee728b)  -> (artifact id: 'e1c344d1396001b0a1d62d24eb86c819') in 0.012957 seconds
Number of updated asset objects reloaded before import = 0
Number of asset objects unloaded after import = 3
========================================================================
Received Import Request.
  Time since last request: 0.017827 seconds.
  path: Assets/Pixel Adventure 1/Assets/Tetris/I_Block_3.asset
  artifactKey: Guid(2eedd3bd4ccb27944bc309e172347474) Importer(815301076,1909f56bfc062723c751e8b465ee728b)
Start importing Assets/Pixel Adventure 1/Assets/Tetris/I_Block_3.asset using Guid(2eedd3bd4ccb27944bc309e172347474) Importer(815301076,1909f56bfc062723c751e8b465ee728b)  -> (artifact id: 'dca55b3bcde20bc62814374f2c768904') in 0.013923 seconds
Number of updated asset objects reloaded before import = 0
Number of asset objects unloaded after import = 3
========================================================================
Received Import Request.
  Time since last request: 0.022062 seconds.
  path: Assets/Pixel Adventure 1/Assets/Tetris/I_Block_7.asset
  artifactKey: Guid(06bf99fd093d9f0458d49fd9f5238a92) Importer(815301076,1909f56bfc062723c751e8b465ee728b)
Start importing Assets/Pixel Adventure 1/Assets/Tetris/I_Block_7.asset using Guid(06bf99fd093d9f0458d49fd9f5238a92) Importer(815301076,1909f56bfc062723c751e8b465ee728b)  -> (artifact id: 'b8ac75bb9d4f5c3b89e2e53c48df6155') in 0.013890 seconds
Number of updated asset objects reloaded before import = 0
Number of asset objects unloaded after import = 3
========================================================================
Received Import Request.
  Time since last request: 0.000026 seconds.
  path: Assets/Pixel Adventure 1/Assets/Tetris/I_Block_14.asset
  artifactKey: Guid(94b453970caedc043b59b0756a0d2d28) Importer(815301076,1909f56bfc062723c751e8b465ee728b)
Start importing Assets/Pixel Adventure 1/Assets/Tetris/I_Block_14.asset using Guid(94b453970caedc043b59b0756a0d2d28) Importer(815301076,1909f56bfc062723c751e8b465ee728b)  -> (artifact id: '62e4ec954b96e140e1a1703a00a84e50') in 0.019084 seconds
Number of updated asset objects reloaded before import = 0
Number of asset objects unloaded after import = 3
========================================================================
Received Import Request.
  Time since last request: 0.000018 seconds.
  path: Assets/Pixel Adventure 1/Assets/Tetris/I_Block_10.asset
  artifactKey: Guid(097592838ec885d419826b5593b7c673) Importer(815301076,1909f56bfc062723c751e8b465ee728b)
Start importing Assets/Pixel Adventure 1/Assets/Tetris/I_Block_10.asset using Guid(097592838ec885d419826b5593b7c673) Importer(815301076,1909f56bfc062723c751e8b465ee728b)  -> (artifact id: '1613b5eb0cbf2cdddc41b5e83ac6840f') in 0.012898 seconds
Number of updated asset objects reloaded before import = 0
Number of asset objects unloaded after import = 3
========================================================================
Received Import Request.
  Time since last request: 0.000032 seconds.
  path: Assets/Pixel Adventure 1/Assets/Tetris/I_Block_13.asset
  artifactKey: Guid(d65aa17b7e5953c458eb5217958444d3) Importer(815301076,1909f56bfc062723c751e8b465ee728b)
Start importing Assets/Pixel Adventure 1/Assets/Tetris/I_Block_13.asset using Guid(d65aa17b7e5953c458eb5217958444d3) Importer(815301076,1909f56bfc062723c751e8b465ee728b)  -> (artifact id: '587d06d0bfda4096976fccde6300aab7') in 0.016354 seconds
Number of updated asset objects reloaded before import = 0
Number of asset objects unloaded after import = 3
========================================================================
Received Import Request.
  Time since last request: 0.000023 seconds.
  path: Assets/Pixel Adventure 1/Assets/Tetris/I_Block_4.asset
  artifactKey: Guid(b52f28e8d9d73884f8e0c447852a1279) Importer(815301076,1909f56bfc062723c751e8b465ee728b)
Start importing Assets/Pixel Adventure 1/Assets/Tetris/I_Block_4.asset using Guid(b52f28e8d9d73884f8e0c447852a1279) Importer(815301076,1909f56bfc062723c751e8b465ee728b)  -> (artifact id: '76c1f3dab77fb06beb9f3a55f760b4c1') in 0.013198 seconds
Number of updated asset objects reloaded before import = 0
Number of asset objects unloaded after import = 3
========================================================================
Received Import Request.
  Time since last request: 0.000035 seconds.
  path: Assets/Pixel Adventure 1/Assets/Tetris/I_Block_11.asset
  artifactKey: Guid(f3babc403741dba4797451b694d58afd) Importer(815301076,1909f56bfc062723c751e8b465ee728b)
Start importing Assets/Pixel Adventure 1/Assets/Tetris/I_Block_11.asset using Guid(f3babc403741dba4797451b694d58afd) Importer(815301076,1909f56bfc062723c751e8b465ee728b)  -> (artifact id: '0d9e17e085138f52ab4fb3948e8815d7') in 0.011530 seconds
Number of updated asset objects reloaded before import = 0
Number of asset objects unloaded after import = 3
========================================================================
Received Import Request.
  Time since last request: 0.000026 seconds.
  path: Assets/Pixel Adventure 1/Assets/Tetris/I_Block_9.asset
  artifactKey: Guid(d535a300740ef5b4782c90727722a361) Importer(815301076,1909f56bfc062723c751e8b465ee728b)
Start importing Assets/Pixel Adventure 1/Assets/Tetris/I_Block_9.asset using Guid(d535a300740ef5b4782c90727722a361) Importer(815301076,1909f56bfc062723c751e8b465ee728b)  -> (artifact id: '30604793b5788e7fda03a1cfc59ad54b') in 0.014073 seconds
Number of updated asset objects reloaded before import = 0
Number of asset objects unloaded after import = 3
Editor requested this worker to shutdown with reason: Scaling down because of idle timeout
TcpMessagingSession - receive error: operation aborted. errorcode: 995, details: 스레드 종료 또는 응용 프로그램 요청 때문에 I/O 작업이 취소되었습니다.
AssetImportWorker is now disconnected from the server
Process exiting
Exiting without the bug reporter. Application will terminate with return code 0